#
# There is insufficient memory for the Java Runtime Environment to continue.
# Native memory allocation (malloc) failed to allocate 1048576 bytes for AllocateHeap
# Possible reasons:
#   The system is out of physical RAM or swap space
#   In 32 bit mode, the process size limit was hit
# Possible solutions:
#   Reduce memory load on the system
#   Increase physical memory or swap space
#   Check if swap backing store is full
#   Use 64 bit Java on a 64 bit OS
#   Decrease Java heap size (-Xmx/-Xms)
#   Decrease number of Java threads
#   Decrease Java thread stack sizes (-Xss)
#   Set larger code cache with -XX:ReservedCodeCacheSize=
# This output file may be truncated or incomplete.
#
#  Out of Memory Error (memory/allocation.inline.hpp:61), pid=10160, tid=7932
#
# JRE version:  (8.0_74-b02) (build )
# Java VM: Java HotSpot(TM) 64-Bit Server VM (25.74-b02 mixed mode windows-amd64 compressed oops)
# Failed to write core dump. Minidumps are not enabled by default on client versions of Windows
#

---------------  T H R E A D  ---------------

Current thread (0x000000000226d800):  JavaThread "Unknown thread" [_thread_in_vm, id=7932, stack(0x0000000002270000,0x0000000002370000)]

Stack: [0x0000000002270000,0x0000000002370000]
[error occurred during error reporting (printing stack bounds), id 0xc0000005]

Native frames: (J=compiled Java code, j=interpreted, Vv=VM code, C=native code)


---------------  P R O C E S S  ---------------

Java Threads: ( => current thread )

Other Threads:

=>0x000000000226d800 (exited) JavaThread "Unknown thread" [_thread_in_vm, id=7932, stack(0x0000000002270000,0x0000000002370000)]

VM state:not at safepoint (normal execution)

VM Mutex/Monitor currently owned by a thread: None

Heap:
 PSYoungGen      total 18944K, used 327K [0x00000000eb000000, 0x00000000ec500000, 0x0000000100000000)
  eden space 16384K, 2% used [0x00000000eb000000,0x00000000eb051ec8,0x00000000ec000000)
  from space 2560K, 0% used [0x00000000ec280000,0x00000000ec280000,0x00000000ec500000)
  to   space 2560K, 0% used [0x00000000ec000000,0x00000000ec000000,0x00000000ec280000)
 ParOldGen       total 44032K, used 0K [0x00000000c1000000, 0x00000000c3b00000, 0x00000000eb000000)
  object space 44032K, 0% used [0x00000000c1000000,0x00000000c1000000,0x00000000c3b00000)
 Metaspace       used 769K, capacity 4480K, committed 4480K, reserved 1056768K
  class space    used 75K, capacity 384K, committed 384K, reserved 1048576K

Card table byte_map: [0x0000000011830000,0x0000000011a30000] byte_map_base: 0x0000000011228000

Marking Bits: (ParMarkBitMap*) 0x000000005f280600
 Begin Bits: [0x0000000011f80000, 0x0000000012f40000)
 End Bits:   [0x0000000012f40000, 0x0000000013f00000)

Polling page: 0x00000000001f0000

CodeCache: size=245760Kb used=328Kb max_used=328Kb free=245431Kb
 bounds [0x0000000002470000, 0x00000000026e0000, 0x0000000011470000]
 total_blobs=58 nmethods=0 adapters=38
 compilation: enabled

Compilation events (0 events):
No events

GC Heap History (0 events):
No events

Deoptimization events (0 events):
No events

Internal exceptions (0 events):
No events

Events (10 events):
Event: 0.157 loading class java/lang/Short
Event: 0.158 loading class java/lang/Short done
Event: 0.158 loading class java/lang/Integer
Event: 0.158 loading class java/lang/Integer done
Event: 0.158 loading class java/lang/Long
Event: 0.159 loading class java/lang/Long done
Event: 0.162 loading class java/lang/NullPointerException
Event: 0.162 loading class java/lang/NullPointerException done
Event: 0.162 loading class java/lang/ArithmeticException
Event: 0.162 loading class java/lang/ArithmeticException done


Dynamic libraries:
0x00007ff72de40000 - 0x00007ff72de77000 	C:\Program Files\Java\jdk1.8.0_74\bin\java.exe
0x00007ffa96cf0000 - 0x00007ffa96eba000 	C:\WINDOWS\SYSTEM32\ntdll.dll
0x00007ffa96180000 - 0x00007ffa9622b000 	C:\WINDOWS\system32\KERNEL32.DLL
0x00007ffa933e0000 - 0x00007ffa935d5000 	C:\WINDOWS\system32\KERNELBASE.dll
0x00007ffa940f0000 - 0x00007ffa94197000 	C:\WINDOWS\system32\ADVAPI32.dll
0x00007ffa95ea0000 - 0x00007ffa95f3d000 	C:\WINDOWS\system32\msvcrt.dll
0x00007ffa96ac0000 - 0x00007ffa96b1d000 	C:\WINDOWS\system32\sechost.dll
0x00007ffa96050000 - 0x00007ffa9617e000 	C:\WINDOWS\system32\RPCRT4.dll
0x00007ffa94250000 - 0x00007ffa943b7000 	C:\WINDOWS\system32\USER32.dll
0x0000000060bc0000 - 0x0000000060bdf000 	C:\WINDOWS\system32\win32u.dll
0x00007ffa96810000 - 0x00007ffa9699a000 	C:\WINDOWS\system32\GDI32.dll
0x00007ffa8ae20000 - 0x00007ffa8b095000 	C:\WINDOWS\WinSxS\amd64_microsoft.windows.common-controls_6595b64144ccf1df_6.0.14279.1000_none_7f73890d1c333178\COMCTL32.dll
0x00007ffa96230000 - 0x00007ffa964bb000 	C:\WINDOWS\system32\combase.dll
0x00007ffa935e0000 - 0x00007ffa9364a000 	C:\WINDOWS\system32\bcryptPrimitives.dll
0x00007ffa96a90000 - 0x00007ffa96abe000 	C:\WINDOWS\system32\IMM32.DLL
0x000000005f3d0000 - 0x000000005f4a2000 	C:\Program Files\Java\jdk1.8.0_74\jre\bin\msvcr100.dll
0x000000005ea70000 - 0x000000005f300000 	C:\Program Files\Java\jdk1.8.0_74\jre\bin\server\jvm.dll
0x00007ffa96a00000 - 0x00007ffa96a07000 	C:\WINDOWS\system32\PSAPI.DLL
0x00007ffa86ab0000 - 0x00007ffa86ab9000 	C:\WINDOWS\SYSTEM32\WSOCK32.dll
0x00007ffa8e5e0000 - 0x00007ffa8e5ea000 	C:\WINDOWS\SYSTEM32\VERSION.dll
0x00007ffa91ad0000 - 0x00007ffa91af3000 	C:\WINDOWS\SYSTEM32\WINMM.dll
0x00007ffa964c0000 - 0x00007ffa9652c000 	C:\WINDOWS\system32\WS2_32.dll
0x0000000002190000 - 0x00000000021bc000 	C:\WINDOWS\SYSTEM32\WINMMBASE.dll
0x00007ffa940a0000 - 0x00007ffa940e3000 	C:\WINDOWS\system32\cfgmgr32.dll
0x000000005f8f0000 - 0x000000005f8ff000 	C:\Program Files\Java\jdk1.8.0_74\jre\bin\verify.dll
0x000000005f8c0000 - 0x000000005f8e9000 	C:\Program Files\Java\jdk1.8.0_74\jre\bin\java.dll
0x000000005f8a0000 - 0x000000005f8b6000 	C:\Program Files\Java\jdk1.8.0_74\jre\bin\zip.dll

VM Arguments:
jvm_args: -Dfile.encoding=UTF-8 
java_command: basic1.Driver
java_class_path (initial): C:\Users\Jayuk\Documents\NetBeansProjects\Basic1\build\classes
Launcher Type: SUN_STANDARD

Environment Variables:
JAVA_HOME=C:\Program Files (x86)\Java\jdk1.7.0_71
PATH=C:\ProgramData\Oracle\Java\javapath;C:\Program Files (x86)\Intel\iCLS Client\;C:\Program Files\Intel\iCLS Client\;C:\Windows\system32;C:\Windows;C:\Windows\System32\Wbem;C:\Windows\System32\WindowsPowerShell\v1.0\;C:\Program Files (x86)\NVIDIA Corporation\PhysX\Common;C:\Program Files\Microsoft SQL Server\Client SDK\ODBC\110\Tools\Binn\;C:\Program Files (x86)\Microsoft SQL Server\130\Tools\Binn\;C:\Program Files\Microsoft SQL Server\130\Tools\Binn\;C:\Program Files\Microsoft SQL Server\130\DTS\Binn\;C:\Program Files (x86)\Microsoft SQL Server\130\Tools\Binn\ManagementStudio\;C:\Program Files (x86)\Microsoft SQL Server\130\DTS\Binn\;C:\Program Files (x86)\GtkSharp\2.12\bin;C:\WINDOWS\system32;C:\WINDOWS;C:\WINDOWS\System32\Wbem;C:\WINDOWS\System32\WindowsPowerShell\v1.0\;C:\WINDOWS\system32\config\systemprofile\.dnx\bin;C:\Program Files\Microsoft DNX\Dnvm\;C:\Program Files\Microsoft SQL Server\120\Tools\Binn\;C:\Program Files (x86)\Windows Kits\10\Windows Performance Toolkit\;C:\Program Files\Intel\Intel(R) Management Engine Components\DAL;C:\Program Files\Intel\Intel(R) Management Engine Components\IPT;C:\Program Files (x86)\Intel\Intel(R) Management Engine Components\DAL;C:\Program Files (x86)\Intel\Intel(R) Management Engine Components\IPT;C:\MinGW\bin
USERNAME=Jayuk
OS=Windows_NT
PROCESSOR_IDENTIFIER=Intel64 Family 6 Model 69 Stepping 1, GenuineIntel



---------------  S Y S T E M  ---------------

OS: Windows 10.0 , 64 bit Build 14279 (10.0.14279.1000)

CPU:total 4 (2 cores per cpu, 2 threads per core) family 6 model 69 stepping 1, cmov, cx8, fxsr, mmx, sse, sse2, sse3, ssse3, sse4.1, sse4.2, popcnt, avx, avx2, aes, clmul, erms, lzcnt, ht, tsc, tscinvbit, bmi1, bmi2

Memory: 4k page, physical 4122776k(550288k free), swap 4122776k(8368k free)

vm_info: Java HotSpot(TM) 64-Bit Server VM (25.74-b02) for windows-amd64 JRE (1.8.0_74-b02), built on Jan 29 2016 17:42:36 by "java_re" with MS VC++ 10.0 (VS2010)

time: Fri Mar 11 21:49:27 2016
elapsed time: 0 seconds (0d 0h 0m 0s)

